<?xml version="1.0" encoding="UTF-8"?>
<testng-results ignored="0" total="1" passed="1" failed="0" skipped="0">
  <reporter-output>
  </reporter-output>
  <suite started-at="2021-11-09T07:37:16 IST" name="Default suite" finished-at="2021-11-09T07:37:17 IST" duration-ms="83">
    <groups>
    </groups>
    <test started-at="2021-11-09T07:37:16 IST" name="Default test" finished-at="2021-11-09T07:37:17 IST" duration-ms="83">
      <class name="com.TestNg.Demo.Test1">
        <test-method is-config="true" signature="BeforeTest()[pri:0, instance:com.TestNg.Demo.Test1@6c130c45]" started-at="2021-11-09T07:37:16 IST" name="BeforeTest" finished-at="2021-11-09T07:37:16 IST" duration-ms="12" status="PASS">
          <reporter-output>
          </reporter-output>
        </test-method> <!-- BeforeTest -->
        <test-method signature="Test()[pri:0, instance:com.TestNg.Demo.Test1@6c130c45]" started-at="2021-11-09T07:37:17 IST" name="Test" finished-at="2021-11-09T07:37:17 IST" duration-ms="8" status="PASS">
          <reporter-output>
          </reporter-output>
        </test-method> <!-- Test -->
        <test-method is-config="true" signature="AfterTest()[pri:0, instance:com.TestNg.Demo.Test1@6c130c45]" started-at="2021-11-09T07:37:17 IST" name="AfterTest" finished-at="2021-11-09T07:37:17 IST" duration-ms="0" status="PASS">
          <reporter-output>
          </reporter-output>
        </test-method> <!-- AfterTest -->
      </class> <!-- com.TestNg.Demo.Test1 -->
    </test> <!-- Default test -->
  </suite> <!-- Default suite -->
</testng-results>
